<?xml version="1.0" encoding="UTF-8"?>
<!-- Generated by org.testng.reporters.JUnitXMLReporter -->
<testsuite ignored="0" hostname="L068-RatnadeepKhaple" failures="0" tests="3" name="Test" time="60.728" errors="0" timestamp="2023-09-13T14:46:02 IST">
  <testcase classname="BAY_HomePageScenario.AllCategoriesScenarioTest" name="clickOnPanasonicStoreIconTest" time="2.339"/>
  <testcase classname="BAY_HomePageScenario.AllCategoriesScenarioTest" name="clickOnBackToSchoolsIconTest" time="5.249"/>
  <testcase classname="BAY_HomePageScenario.AllCategoriesScenarioTest" name="clickOnOfficeAutomationIconTest" time="4.349"/>
</testsuite> <!-- Test -->
