<?xml version="1.0" encoding="UTF-8"?>
<!-- Generated by org.testng.reporters.JUnitReportReporter -->
<testsuite hostname="L068-RatnadeepKhaple" failures="0" tests="1" name="bay_Automation.PDPScenarioTest" time="39.102" errors="0" timestamp="2023-09-26T15:01:02 IST" skipped="0">
  <testcase classname="bay_Automation.PDPScenarioTest" name="getProductName" time="39.102"/>
  <system-out>
    <![CDATA[Apple iPhone 12 256GB (Eco-Device) – White]]>
  </system-out>
</testsuite> <!-- bay_Automation.PDPScenarioTest -->
