<?xml version="1.0" encoding="UTF-8"?>
<!-- Generated by org.testng.reporters.JUnitReportReporter -->
<testsuite hostname="L068-RatnadeepKhaple" failures="0" tests="1" name="bay_Automation.PDPScenario" time="14.982" errors="0" timestamp="2023-09-15T14:37:55 IST" skipped="0">
  <testcase classname="bay_Automation.PDPScenario" name="getProductName" time="14.982"/>
  <system-out>
    <![CDATA[Apple iPhone 12 256GB (Eco-Device) – White]]>
  </system-out>
</testsuite> <!-- bay_Automation.PDPScenario -->
